{"@timestamp":"2024-05-06T11:56:37.7854899+03:00","@version":"1","message":"Starting IntegrityCheckApplication using Java 17.0.10 with PID 17912 (C:\\Users\\horia.beiusanu\\Documents\\uni\\licenta\\integrity-check\\build\\classes\\java\\main started by horia.beiusanu in C:\\Users\\horia.beiusanu\\Documents\\uni\\licenta\\integrity-check)","logger_name":"com.example.integritycheck.IntegrityCheckApplication","thread_name":"main","level":"INFO","level_value":20000}
{"@timestamp":"2024-05-06T11:56:37.7923434+03:00","@version":"1","message":"No active profile set, falling back to 1 default profile: \"default\"","logger_name":"com.example.integritycheck.IntegrityCheckApplication","thread_name":"main","level":"INFO","level_value":20000}
{"@timestamp":"2024-05-06T11:56:38.3071767+03:00","@version":"1","message":"Tomcat initialized with port 8080 (http)","logger_name":"org.springframework.boot.web.embedded.tomcat.TomcatWebServer","thread_name":"main","level":"INFO","level_value":20000}
{"@timestamp":"2024-05-06T11:56:38.31359+03:00","@version":"1","message":"Initializing ProtocolHandler [\"http-nio-8080\"]","logger_name":"org.apache.coyote.http11.Http11NioProtocol","thread_name":"main","level":"INFO","level_value":20000}
{"@timestamp":"2024-05-06T11:56:38.3150816+03:00","@version":"1","message":"Starting service [Tomcat]","logger_name":"org.apache.catalina.core.StandardService","thread_name":"main","level":"INFO","level_value":20000}
{"@timestamp":"2024-05-06T11:56:38.3150816+03:00","@version":"1","message":"Starting Servlet engine: [Apache Tomcat/10.1.19]","logger_name":"org.apache.catalina.core.StandardEngine","thread_name":"main","level":"INFO","level_value":20000}
{"@timestamp":"2024-05-06T11:56:38.349151+03:00","@version":"1","message":"Initializing Spring embedded WebApplicationContext","logger_name":"org.apache.catalina.core.ContainerBase.[Tomcat].[localhost].[/]","thread_name":"main","level":"INFO","level_value":20000}
{"@timestamp":"2024-05-06T11:56:38.349151+03:00","@version":"1","message":"Root WebApplicationContext: initialization completed in 534 ms","logger_name":"org.springframework.boot.web.servlet.context.ServletWebServerApplicationContext","thread_name":"main","level":"INFO","level_value":20000}
{"@timestamp":"2024-05-06T11:56:38.5438551+03:00","@version":"1","message":"Starting ProtocolHandler [\"http-nio-8080\"]","logger_name":"org.apache.coyote.http11.Http11NioProtocol","thread_name":"main","level":"INFO","level_value":20000}
{"@timestamp":"2024-05-06T11:56:38.5606209+03:00","@version":"1","message":"Tomcat started on port 8080 (http) with context path ''","logger_name":"org.springframework.boot.web.embedded.tomcat.TomcatWebServer","thread_name":"main","level":"INFO","level_value":20000}
{"@timestamp":"2024-05-06T11:56:38.5665223+03:00","@version":"1","message":"Started IntegrityCheckApplication in 0.989 seconds (process running for 1.627)","logger_name":"com.example.integritycheck.IntegrityCheckApplication","thread_name":"main","level":"INFO","level_value":20000}
{"@timestamp":"2024-05-06T11:56:51.3045548+03:00","@version":"1","message":"Initializing Spring DispatcherServlet 'dispatcherServlet'","logger_name":"org.apache.catalina.core.ContainerBase.[Tomcat].[localhost].[/]","thread_name":"http-nio-8080-exec-1","level":"INFO","level_value":20000}
{"@timestamp":"2024-05-06T11:56:51.3045548+03:00","@version":"1","message":"Initializing Servlet 'dispatcherServlet'","logger_name":"org.springframework.web.servlet.DispatcherServlet","thread_name":"http-nio-8080-exec-1","level":"INFO","level_value":20000}
{"@timestamp":"2024-05-06T11:56:51.3055309+03:00","@version":"1","message":"Completed initialization in 0 ms","logger_name":"org.springframework.web.servlet.DispatcherServlet","thread_name":"http-nio-8080-exec-1","level":"INFO","level_value":20000}
{"@timestamp":"2024-05-06T11:56:51.3227486+03:00","@version":"1","message":"Endpoint was called at: 2024-05-06T11:56:51.322748600","logger_name":"com.example.integritycheck.SimpleRestController","thread_name":"http-nio-8080-exec-1","level":"INFO","level_value":20000}
{"@timestamp":"2024-05-06T11:56:56.9805801+03:00","@version":"1","message":"Endpoint was called at: 2024-05-06T11:56:56.980580100","logger_name":"com.example.integritycheck.SimpleRestController","thread_name":"http-nio-8080-exec-3","level":"INFO","level_value":20000}
{"@timestamp":"2024-05-06T15:24:34.6293309+03:00","@version":"1","message":"Starting IntegrityCheckApplication using Java 17.0.10 with PID 22624 (C:\\Users\\horia.beiusanu\\Documents\\uni\\licenta\\integrity-check\\build\\classes\\java\\main started by horia.beiusanu in C:\\Users\\horia.beiusanu\\Documents\\uni\\licenta\\integrity-check)","logger_name":"com.example.integritycheck.IntegrityCheckApplication","thread_name":"main","level":"INFO","level_value":20000}
{"@timestamp":"2024-05-06T15:24:34.6371832+03:00","@version":"1","message":"No active profile set, falling back to 1 default profile: \"default\"","logger_name":"com.example.integritycheck.IntegrityCheckApplication","thread_name":"main","level":"INFO","level_value":20000}
{"@timestamp":"2024-05-06T15:24:35.2254063+03:00","@version":"1","message":"Tomcat initialized with port 8080 (http)","logger_name":"org.springframework.boot.web.embedded.tomcat.TomcatWebServer","thread_name":"main","level":"INFO","level_value":20000}
{"@timestamp":"2024-05-06T15:24:35.2313549+03:00","@version":"1","message":"Initializing ProtocolHandler [\"http-nio-8080\"]","logger_name":"org.apache.coyote.http11.Http11NioProtocol","thread_name":"main","level":"INFO","level_value":20000}
{"@timestamp":"2024-05-06T15:24:35.2328611+03:00","@version":"1","message":"Starting service [Tomcat]","logger_name":"org.apache.catalina.core.StandardService","thread_name":"main","level":"INFO","level_value":20000}
{"@timestamp":"2024-05-06T15:24:35.233849+03:00","@version":"1","message":"Starting Servlet engine: [Apache Tomcat/10.1.19]","logger_name":"org.apache.catalina.core.StandardEngine","thread_name":"main","level":"INFO","level_value":20000}
{"@timestamp":"2024-05-06T15:24:35.2755262+03:00","@version":"1","message":"Initializing Spring embedded WebApplicationContext","logger_name":"org.apache.catalina.core.ContainerBase.[Tomcat].[localhost].[/]","thread_name":"main","level":"INFO","level_value":20000}
{"@timestamp":"2024-05-06T15:24:35.2755262+03:00","@version":"1","message":"Root WebApplicationContext: initialization completed in 609 ms","logger_name":"org.springframework.boot.web.servlet.context.ServletWebServerApplicationContext","thread_name":"main","level":"INFO","level_value":20000}
{"@timestamp":"2024-05-06T15:24:35.4894926+03:00","@version":"1","message":"Starting ProtocolHandler [\"http-nio-8080\"]","logger_name":"org.apache.coyote.http11.Http11NioProtocol","thread_name":"main","level":"INFO","level_value":20000}
{"@timestamp":"2024-05-06T15:24:35.5077159+03:00","@version":"1","message":"Tomcat started on port 8080 (http) with context path ''","logger_name":"org.springframework.boot.web.embedded.tomcat.TomcatWebServer","thread_name":"main","level":"INFO","level_value":20000}
{"@timestamp":"2024-05-06T15:24:35.5141599+03:00","@version":"1","message":"Started IntegrityCheckApplication in 1.122 seconds (process running for 1.779)","logger_name":"com.example.integritycheck.IntegrityCheckApplication","thread_name":"main","level":"INFO","level_value":20000}
{"@timestamp":"2024-05-06T15:24:39.6608205+03:00","@version":"1","message":"Initializing Spring DispatcherServlet 'dispatcherServlet'","logger_name":"org.apache.catalina.core.ContainerBase.[Tomcat].[localhost].[/]","thread_name":"http-nio-8080-exec-2","level":"INFO","level_value":20000}
{"@timestamp":"2024-05-06T15:24:39.6608205+03:00","@version":"1","message":"Initializing Servlet 'dispatcherServlet'","logger_name":"org.springframework.web.servlet.DispatcherServlet","thread_name":"http-nio-8080-exec-2","level":"INFO","level_value":20000}
{"@timestamp":"2024-05-06T15:24:39.6617965+03:00","@version":"1","message":"Completed initialization in 0 ms","logger_name":"org.springframework.web.servlet.DispatcherServlet","thread_name":"http-nio-8080-exec-2","level":"INFO","level_value":20000}
{"@timestamp":"2024-05-06T15:24:39.6819985+03:00","@version":"1","message":"Endpoint was called at: 2024-05-06T15:24:39.681998500","logger_name":"com.example.integritycheck.SimpleRestController","thread_name":"http-nio-8080-exec-2","level":"INFO","level_value":20000}
{"@timestamp":"2024-05-06T15:24:43.1479578+03:00","@version":"1","message":"Endpoint was called at: 2024-05-06T15:24:43.147957800","logger_name":"com.example.integritycheck.SimpleRestController","thread_name":"http-nio-8080-exec-3","level":"INFO","level_value":20000}
{"@timestamp":"2024-05-06T15:46:45.6881285+03:00","@version":"1","message":"Starting IntegrityCheckApplication using Java 17.0.10 with PID 33064 (C:\\Users\\horia.beiusanu\\Documents\\uni\\licenta\\integrity-check\\build\\classes\\java\\main started by horia.beiusanu in C:\\Users\\horia.beiusanu\\Documents\\uni\\licenta\\integrity-check)","logger_name":"com.example.integritycheck.IntegrityCheckApplication","thread_name":"main","level":"INFO","level_value":20000}
{"@timestamp":"2024-05-06T15:46:45.6955422+03:00","@version":"1","message":"No active profile set, falling back to 1 default profile: \"default\"","logger_name":"com.example.integritycheck.IntegrityCheckApplication","thread_name":"main","level":"INFO","level_value":20000}
{"@timestamp":"2024-05-06T15:46:46.2060644+03:00","@version":"1","message":"Tomcat initialized with port 8080 (http)","logger_name":"org.springframework.boot.web.embedded.tomcat.TomcatWebServer","thread_name":"main","level":"INFO","level_value":20000}
{"@timestamp":"2024-05-06T15:46:46.2125106+03:00","@version":"1","message":"Initializing ProtocolHandler [\"http-nio-8080\"]","logger_name":"org.apache.coyote.http11.Http11NioProtocol","thread_name":"main","level":"INFO","level_value":20000}
{"@timestamp":"2024-05-06T15:46:46.2145208+03:00","@version":"1","message":"Starting service [Tomcat]","logger_name":"org.apache.catalina.core.StandardService","thread_name":"main","level":"INFO","level_value":20000}
{"@timestamp":"2024-05-06T15:46:46.2145208+03:00","@version":"1","message":"Starting Servlet engine: [Apache Tomcat/10.1.19]","logger_name":"org.apache.catalina.core.StandardEngine","thread_name":"main","level":"INFO","level_value":20000}
{"@timestamp":"2024-05-06T15:46:46.2486146+03:00","@version":"1","message":"Initializing Spring embedded WebApplicationContext","logger_name":"org.apache.catalina.core.ContainerBase.[Tomcat].[localhost].[/]","thread_name":"main","level":"INFO","level_value":20000}
{"@timestamp":"2024-05-06T15:46:46.249591+03:00","@version":"1","message":"Root WebApplicationContext: initialization completed in 528 ms","logger_name":"org.springframework.boot.web.servlet.context.ServletWebServerApplicationContext","thread_name":"main","level":"INFO","level_value":20000}
{"@timestamp":"2024-05-06T15:46:46.4553235+03:00","@version":"1","message":"Starting ProtocolHandler [\"http-nio-8080\"]","logger_name":"org.apache.coyote.http11.Http11NioProtocol","thread_name":"main","level":"INFO","level_value":20000,"loggingSmartContractAddress":"0xffafafa"}
{"@timestamp":"2024-05-06T15:46:46.4712528+03:00","@version":"1","message":"Tomcat started on port 8080 (http) with context path ''","logger_name":"org.springframework.boot.web.embedded.tomcat.TomcatWebServer","thread_name":"main","level":"INFO","level_value":20000,"loggingSmartContractAddress":"0xffafafa"}
{"@timestamp":"2024-05-06T15:46:46.4776806+03:00","@version":"1","message":"Started IntegrityCheckApplication in 1.014 seconds (process running for 1.61)","logger_name":"com.example.integritycheck.IntegrityCheckApplication","thread_name":"main","level":"INFO","level_value":20000,"loggingSmartContractAddress":"0xffafafa"}
{"@timestamp":"2024-05-06T15:46:57.9327423+03:00","@version":"1","message":"Initializing Spring DispatcherServlet 'dispatcherServlet'","logger_name":"org.apache.catalina.core.ContainerBase.[Tomcat].[localhost].[/]","thread_name":"http-nio-8080-exec-2","level":"INFO","level_value":20000}
{"@timestamp":"2024-05-06T15:46:57.9327423+03:00","@version":"1","message":"Initializing Servlet 'dispatcherServlet'","logger_name":"org.springframework.web.servlet.DispatcherServlet","thread_name":"http-nio-8080-exec-2","level":"INFO","level_value":20000}
{"@timestamp":"2024-05-06T15:46:57.9337336+03:00","@version":"1","message":"Completed initialization in 1 ms","logger_name":"org.springframework.web.servlet.DispatcherServlet","thread_name":"http-nio-8080-exec-2","level":"INFO","level_value":20000}
{"@timestamp":"2024-05-06T15:46:57.950089+03:00","@version":"1","message":"Endpoint was called at: 2024-05-06T15:46:57.950089","logger_name":"com.example.integritycheck.SimpleRestController","thread_name":"http-nio-8080-exec-2","level":"INFO","level_value":20000}
{"@timestamp":"2024-05-06T15:48:15.0094047+03:00","@version":"1","message":"Starting IntegrityCheckApplication using Java 17.0.10 with PID 13344 (C:\\Users\\horia.beiusanu\\Documents\\uni\\licenta\\integrity-check\\build\\classes\\java\\main started by horia.beiusanu in C:\\Users\\horia.beiusanu\\Documents\\uni\\licenta\\integrity-check)","logger_name":"com.example.integritycheck.IntegrityCheckApplication","thread_name":"main","level":"INFO","level_value":20000}
{"@timestamp":"2024-05-06T15:48:15.0168901+03:00","@version":"1","message":"No active profile set, falling back to 1 default profile: \"default\"","logger_name":"com.example.integritycheck.IntegrityCheckApplication","thread_name":"main","level":"INFO","level_value":20000}
{"@timestamp":"2024-05-06T15:48:15.5176088+03:00","@version":"1","message":"Tomcat initialized with port 8080 (http)","logger_name":"org.springframework.boot.web.embedded.tomcat.TomcatWebServer","thread_name":"main","level":"INFO","level_value":20000}
{"@timestamp":"2024-05-06T15:48:15.5230885+03:00","@version":"1","message":"Initializing ProtocolHandler [\"http-nio-8080\"]","logger_name":"org.apache.coyote.http11.Http11NioProtocol","thread_name":"main","level":"INFO","level_value":20000}
{"@timestamp":"2024-05-06T15:48:15.5251042+03:00","@version":"1","message":"Starting service [Tomcat]","logger_name":"org.apache.catalina.core.StandardService","thread_name":"main","level":"INFO","level_value":20000}
{"@timestamp":"2024-05-06T15:48:15.5251042+03:00","@version":"1","message":"Starting Servlet engine: [Apache Tomcat/10.1.19]","logger_name":"org.apache.catalina.core.StandardEngine","thread_name":"main","level":"INFO","level_value":20000}
{"@timestamp":"2024-05-06T15:48:15.5594362+03:00","@version":"1","message":"Initializing Spring embedded WebApplicationContext","logger_name":"org.apache.catalina.core.ContainerBase.[Tomcat].[localhost].[/]","thread_name":"main","level":"INFO","level_value":20000}
{"@timestamp":"2024-05-06T15:48:15.5594362+03:00","@version":"1","message":"Root WebApplicationContext: initialization completed in 513 ms","logger_name":"org.springframework.boot.web.servlet.context.ServletWebServerApplicationContext","thread_name":"main","level":"INFO","level_value":20000}
{"@timestamp":"2024-05-06T15:48:15.7691561+03:00","@version":"1","message":"Starting ProtocolHandler [\"http-nio-8080\"]","logger_name":"org.apache.coyote.http11.Http11NioProtocol","thread_name":"main","level":"INFO","level_value":20000,"loggingSmartContractAddress":"0xffafafa"}
{"@timestamp":"2024-05-06T15:48:15.7845363+03:00","@version":"1","message":"Tomcat started on port 8080 (http) with context path ''","logger_name":"org.springframework.boot.web.embedded.tomcat.TomcatWebServer","thread_name":"main","level":"INFO","level_value":20000,"loggingSmartContractAddress":"0xffafafa"}
{"@timestamp":"2024-05-06T15:48:15.7909348+03:00","@version":"1","message":"Started IntegrityCheckApplication in 1.03 seconds (process running for 1.836)","logger_name":"com.example.integritycheck.IntegrityCheckApplication","thread_name":"main","level":"INFO","level_value":20000,"loggingSmartContractAddress":"0xffafafa"}
{"@timestamp":"2024-05-06T15:48:46.6822677+03:00","@version":"1","message":"Starting IntegrityCheckApplication using Java 17.0.10 with PID 17992 (C:\\Users\\horia.beiusanu\\Documents\\uni\\licenta\\integrity-check\\build\\classes\\java\\main started by horia.beiusanu in C:\\Users\\horia.beiusanu\\Documents\\uni\\licenta\\integrity-check)","logger_name":"com.example.integritycheck.IntegrityCheckApplication","thread_name":"main","level":"INFO","level_value":20000}
{"@timestamp":"2024-05-06T15:48:46.6921195+03:00","@version":"1","message":"No active profile set, falling back to 1 default profile: \"default\"","logger_name":"com.example.integritycheck.IntegrityCheckApplication","thread_name":"main","level":"INFO","level_value":20000}
{"@timestamp":"2024-05-06T15:48:47.2232455+03:00","@version":"1","message":"Tomcat initialized with port 8080 (http)","logger_name":"org.springframework.boot.web.embedded.tomcat.TomcatWebServer","thread_name":"main","level":"INFO","level_value":20000}
{"@timestamp":"2024-05-06T15:48:47.2292715+03:00","@version":"1","message":"Initializing ProtocolHandler [\"http-nio-8080\"]","logger_name":"org.apache.coyote.http11.Http11NioProtocol","thread_name":"main","level":"INFO","level_value":20000}
{"@timestamp":"2024-05-06T15:48:47.2302768+03:00","@version":"1","message":"Starting service [Tomcat]","logger_name":"org.apache.catalina.core.StandardService","thread_name":"main","level":"INFO","level_value":20000}
{"@timestamp":"2024-05-06T15:48:47.2302768+03:00","@version":"1","message":"Starting Servlet engine: [Apache Tomcat/10.1.19]","logger_name":"org.apache.catalina.core.StandardEngine","thread_name":"main","level":"INFO","level_value":20000}
{"@timestamp":"2024-05-06T15:48:47.2644631+03:00","@version":"1","message":"Initializing Spring embedded WebApplicationContext","logger_name":"org.apache.catalina.core.ContainerBase.[Tomcat].[localhost].[/]","thread_name":"main","level":"INFO","level_value":20000}
{"@timestamp":"2024-05-06T15:48:47.2644631+03:00","@version":"1","message":"Root WebApplicationContext: initialization completed in 545 ms","logger_name":"org.springframework.boot.web.servlet.context.ServletWebServerApplicationContext","thread_name":"main","level":"INFO","level_value":20000}
{"@timestamp":"2024-05-06T15:48:47.4772647+03:00","@version":"1","message":"Starting ProtocolHandler [\"http-nio-8080\"]","logger_name":"org.apache.coyote.http11.Http11NioProtocol","thread_name":"main","level":"INFO","level_value":20000,"loggingSmartContractAddress":"0xffafafa"}
{"@timestamp":"2024-05-06T15:48:47.4930789+03:00","@version":"1","message":"Tomcat started on port 8080 (http) with context path ''","logger_name":"org.springframework.boot.web.embedded.tomcat.TomcatWebServer","thread_name":"main","level":"INFO","level_value":20000,"loggingSmartContractAddress":"0xffafafa"}
{"@timestamp":"2024-05-06T15:48:47.4979721+03:00","@version":"1","message":"Started IntegrityCheckApplication in 1.031 seconds (process running for 1.704)","logger_name":"com.example.integritycheck.IntegrityCheckApplication","thread_name":"main","level":"INFO","level_value":20000,"loggingSmartContractAddress":"0xffafafa"}
{"@timestamp":"2024-05-06T15:48:54.0904012+03:00","@version":"1","message":"Initializing Spring DispatcherServlet 'dispatcherServlet'","logger_name":"org.apache.catalina.core.ContainerBase.[Tomcat].[localhost].[/]","thread_name":"http-nio-8080-exec-1","level":"INFO","level_value":20000}
{"@timestamp":"2024-05-06T15:48:54.0904012+03:00","@version":"1","message":"Initializing Servlet 'dispatcherServlet'","logger_name":"org.springframework.web.servlet.DispatcherServlet","thread_name":"http-nio-8080-exec-1","level":"INFO","level_value":20000}
{"@timestamp":"2024-05-06T15:48:54.0913642+03:00","@version":"1","message":"Completed initialization in 1 ms","logger_name":"org.springframework.web.servlet.DispatcherServlet","thread_name":"http-nio-8080-exec-1","level":"INFO","level_value":20000}
{"@timestamp":"2024-05-06T15:48:54.1102416+03:00","@version":"1","message":"Endpoint was called at: 2024-05-06T15:48:54.110241600","logger_name":"ayooo","thread_name":"http-nio-8080-exec-1","level":"INFO","level_value":20000}
{"@timestamp":"2024-05-06T15:50:44.2855639+03:00","@version":"1","message":"Starting IntegrityCheckApplication using Java 17.0.10 with PID 23428 (C:\\Users\\horia.beiusanu\\Documents\\uni\\licenta\\integrity-check\\build\\classes\\java\\main started by horia.beiusanu in C:\\Users\\horia.beiusanu\\Documents\\uni\\licenta\\integrity-check)","logger_name":"com.example.integritycheck.IntegrityCheckApplication","thread_name":"main","level":"INFO","level_value":20000}
{"@timestamp":"2024-05-06T15:50:44.2930112+03:00","@version":"1","message":"No active profile set, falling back to 1 default profile: \"default\"","logger_name":"com.example.integritycheck.IntegrityCheckApplication","thread_name":"main","level":"INFO","level_value":20000}
{"@timestamp":"2024-05-06T15:50:44.8514374+03:00","@version":"1","message":"Tomcat initialized with port 8080 (http)","logger_name":"org.springframework.boot.web.embedded.tomcat.TomcatWebServer","thread_name":"main","level":"INFO","level_value":20000}
{"@timestamp":"2024-05-06T15:50:44.8584493+03:00","@version":"1","message":"Initializing ProtocolHandler [\"http-nio-8080\"]","logger_name":"org.apache.coyote.http11.Http11NioProtocol","thread_name":"main","level":"INFO","level_value":20000}
{"@timestamp":"2024-05-06T15:50:44.8584493+03:00","@version":"1","message":"Starting service [Tomcat]","logger_name":"org.apache.catalina.core.StandardService","thread_name":"main","level":"INFO","level_value":20000}
{"@timestamp":"2024-05-06T15:50:44.8584493+03:00","@version":"1","message":"Starting Servlet engine: [Apache Tomcat/10.1.19]","logger_name":"org.apache.catalina.core.StandardEngine","thread_name":"main","level":"INFO","level_value":20000}
{"@timestamp":"2024-05-06T15:50:44.8950218+03:00","@version":"1","message":"Initializing Spring embedded WebApplicationContext","logger_name":"org.apache.catalina.core.ContainerBase.[Tomcat].[localhost].[/]","thread_name":"main","level":"INFO","level_value":20000}
{"@timestamp":"2024-05-06T15:50:44.8950218+03:00","@version":"1","message":"Root WebApplicationContext: initialization completed in 574 ms","logger_name":"org.springframework.boot.web.servlet.context.ServletWebServerApplicationContext","thread_name":"main","level":"INFO","level_value":20000}
{"@timestamp":"2024-05-06T15:50:45.1271798+03:00","@version":"1","message":"Starting ProtocolHandler [\"http-nio-8080\"]","logger_name":"org.apache.coyote.http11.Http11NioProtocol","thread_name":"main","level":"INFO","level_value":20000,"loggingSmartContractAddress":"0xffafafa"}
{"@timestamp":"2024-05-06T15:50:45.1478477+03:00","@version":"1","message":"Tomcat started on port 8080 (http) with context path ''","logger_name":"org.springframework.boot.web.embedded.tomcat.TomcatWebServer","thread_name":"main","level":"INFO","level_value":20000,"loggingSmartContractAddress":"0xffafafa"}
{"@timestamp":"2024-05-06T15:50:45.1542444+03:00","@version":"1","message":"Started IntegrityCheckApplication in 1.106 seconds (process running for 1.782)","logger_name":"com.example.integritycheck.IntegrityCheckApplication","thread_name":"main","level":"INFO","level_value":20000,"loggingSmartContractAddress":"0xffafafa"}
{"@timestamp":"2024-05-06T15:50:51.8741658+03:00","@version":"1","message":"Initializing Spring DispatcherServlet 'dispatcherServlet'","logger_name":"org.apache.catalina.core.ContainerBase.[Tomcat].[localhost].[/]","thread_name":"http-nio-8080-exec-1","level":"INFO","level_value":20000}
{"@timestamp":"2024-05-06T15:50:51.8741658+03:00","@version":"1","message":"Initializing Servlet 'dispatcherServlet'","logger_name":"org.springframework.web.servlet.DispatcherServlet","thread_name":"http-nio-8080-exec-1","level":"INFO","level_value":20000}
{"@timestamp":"2024-05-06T15:50:51.8751336+03:00","@version":"1","message":"Completed initialization in 0 ms","logger_name":"org.springframework.web.servlet.DispatcherServlet","thread_name":"http-nio-8080-exec-1","level":"INFO","level_value":20000}
{"@timestamp":"2024-05-06T15:50:51.8938721+03:00","@version":"1","message":"Endpoint was called at: 2024-05-06T15:50:51.893872100","logger_name":"ayooo","thread_name":"http-nio-8080-exec-1","level":"INFO","level_value":20000}
{"@timestamp":"2024-05-06T15:51:21.451439+03:00","@version":"1","message":"Starting IntegrityCheckApplication using Java 17.0.10 with PID 27692 (C:\\Users\\horia.beiusanu\\Documents\\uni\\licenta\\integrity-check\\build\\classes\\java\\main started by horia.beiusanu in C:\\Users\\horia.beiusanu\\Documents\\uni\\licenta\\integrity-check)","logger_name":"com.example.integritycheck.IntegrityCheckApplication","thread_name":"main","level":"INFO","level_value":20000}
{"@timestamp":"2024-05-06T15:51:21.45896+03:00","@version":"1","message":"No active profile set, falling back to 1 default profile: \"default\"","logger_name":"com.example.integritycheck.IntegrityCheckApplication","thread_name":"main","level":"INFO","level_value":20000}
{"@timestamp":"2024-05-06T15:51:22.0333083+03:00","@version":"1","message":"Tomcat initialized with port 8080 (http)","logger_name":"org.springframework.boot.web.embedded.tomcat.TomcatWebServer","thread_name":"main","level":"INFO","level_value":20000}
{"@timestamp":"2024-05-06T15:51:22.0407731+03:00","@version":"1","message":"Initializing ProtocolHandler [\"http-nio-8080\"]","logger_name":"org.apache.coyote.http11.Http11NioProtocol","thread_name":"main","level":"INFO","level_value":20000}
{"@timestamp":"2024-05-06T15:51:22.0417485+03:00","@version":"1","message":"Starting service [Tomcat]","logger_name":"org.apache.catalina.core.StandardService","thread_name":"main","level":"INFO","level_value":20000}
{"@timestamp":"2024-05-06T15:51:22.0427247+03:00","@version":"1","message":"Starting Servlet engine: [Apache Tomcat/10.1.19]","logger_name":"org.apache.catalina.core.StandardEngine","thread_name":"main","level":"INFO","level_value":20000}
{"@timestamp":"2024-05-06T15:51:22.0782583+03:00","@version":"1","message":"Initializing Spring embedded WebApplicationContext","logger_name":"org.apache.catalina.core.ContainerBase.[Tomcat].[localhost].[/]","thread_name":"main","level":"INFO","level_value":20000}
{"@timestamp":"2024-05-06T15:51:22.0792434+03:00","@version":"1","message":"Root WebApplicationContext: initialization completed in 592 ms","logger_name":"org.springframework.boot.web.servlet.context.ServletWebServerApplicationContext","thread_name":"main","level":"INFO","level_value":20000}
{"@timestamp":"2024-05-06T15:51:22.3045455+03:00","@version":"1","message":"Starting ProtocolHandler [\"http-nio-8080\"]","logger_name":"org.apache.coyote.http11.Http11NioProtocol","thread_name":"main","level":"INFO","level_value":20000,"loggingSmartContractAddress":"0xffafafa"}
{"@timestamp":"2024-05-06T15:51:22.3221492+03:00","@version":"1","message":"Tomcat started on port 8080 (http) with context path ''","logger_name":"org.springframework.boot.web.embedded.tomcat.TomcatWebServer","thread_name":"main","level":"INFO","level_value":20000,"loggingSmartContractAddress":"0xffafafa"}
{"@timestamp":"2024-05-06T15:51:22.3285556+03:00","@version":"1","message":"Started IntegrityCheckApplication in 1.095 seconds (process running for 1.742)","logger_name":"com.example.integritycheck.IntegrityCheckApplication","thread_name":"main","level":"INFO","level_value":20000,"loggingSmartContractAddress":"0xffafafa"}
{"@timestamp":"2024-05-06T15:51:38.2499723+03:00","@version":"1","message":"Initializing Spring DispatcherServlet 'dispatcherServlet'","logger_name":"org.apache.catalina.core.ContainerBase.[Tomcat].[localhost].[/]","thread_name":"http-nio-8080-exec-2","level":"INFO","level_value":20000}
{"@timestamp":"2024-05-06T15:51:38.2499723+03:00","@version":"1","message":"Initializing Servlet 'dispatcherServlet'","logger_name":"org.springframework.web.servlet.DispatcherServlet","thread_name":"http-nio-8080-exec-2","level":"INFO","level_value":20000}
{"@timestamp":"2024-05-06T15:51:38.2509582+03:00","@version":"1","message":"Completed initialization in 1 ms","logger_name":"org.springframework.web.servlet.DispatcherServlet","thread_name":"http-nio-8080-exec-2","level":"INFO","level_value":20000}
{"@timestamp":"2024-05-06T15:51:38.2693125+03:00","@version":"1","message":"Endpoint was called at: 2024-05-06T15:51:38.269312500","logger_name":"ayooo","thread_name":"http-nio-8080-exec-2","level":"INFO","level_value":20000}
{"@timestamp":"2024-05-06T15:51:52.4278334+03:00","@version":"1","message":"Endpoint was called at: 2024-05-06T15:51:52.427833400","logger_name":"ayooo","thread_name":"http-nio-8080-exec-3","level":"INFO","level_value":20000}
{"@timestamp":"2024-05-06T15:52:26.6661114+03:00","@version":"1","message":"Starting IntegrityCheckApplication using Java 17.0.10 with PID 36136 (C:\\Users\\horia.beiusanu\\Documents\\uni\\licenta\\integrity-check\\build\\classes\\java\\main started by horia.beiusanu in C:\\Users\\horia.beiusanu\\Documents\\uni\\licenta\\integrity-check)","logger_name":"com.example.integritycheck.IntegrityCheckApplication","thread_name":"main","level":"INFO","level_value":20000}
{"@timestamp":"2024-05-06T15:52:26.6752698+03:00","@version":"1","message":"No active profile set, falling back to 1 default profile: \"default\"","logger_name":"com.example.integritycheck.IntegrityCheckApplication","thread_name":"main","level":"INFO","level_value":20000}
{"@timestamp":"2024-05-06T15:52:27.2919615+03:00","@version":"1","message":"Tomcat initialized with port 8080 (http)","logger_name":"org.springframework.boot.web.embedded.tomcat.TomcatWebServer","thread_name":"main","level":"INFO","level_value":20000}
{"@timestamp":"2024-05-06T15:52:27.3003113+03:00","@version":"1","message":"Initializing ProtocolHandler [\"http-nio-8080\"]","logger_name":"org.apache.coyote.http11.Http11NioProtocol","thread_name":"main","level":"INFO","level_value":20000}
{"@timestamp":"2024-05-06T15:52:27.3018521+03:00","@version":"1","message":"Starting service [Tomcat]","logger_name":"org.apache.catalina.core.StandardService","thread_name":"main","level":"INFO","level_value":20000}
{"@timestamp":"2024-05-06T15:52:27.3018521+03:00","@version":"1","message":"Starting Servlet engine: [Apache Tomcat/10.1.19]","logger_name":"org.apache.catalina.core.StandardEngine","thread_name":"main","level":"INFO","level_value":20000}
{"@timestamp":"2024-05-06T15:52:27.3409564+03:00","@version":"1","message":"Initializing Spring embedded WebApplicationContext","logger_name":"org.apache.catalina.core.ContainerBase.[Tomcat].[localhost].[/]","thread_name":"main","level":"INFO","level_value":20000}
{"@timestamp":"2024-05-06T15:52:27.3409564+03:00","@version":"1","message":"Root WebApplicationContext: initialization completed in 631 ms","logger_name":"org.springframework.boot.web.servlet.context.ServletWebServerApplicationContext","thread_name":"main","level":"INFO","level_value":20000}
{"@timestamp":"2024-05-06T15:52:27.5488654+03:00","@version":"1","message":"Starting ProtocolHandler [\"http-nio-8080\"]","logger_name":"org.apache.coyote.http11.Http11NioProtocol","thread_name":"main","level":"INFO","level_value":20000}
{"@timestamp":"2024-05-06T15:52:27.5644436+03:00","@version":"1","message":"Tomcat started on port 8080 (http) with context path ''","logger_name":"org.springframework.boot.web.embedded.tomcat.TomcatWebServer","thread_name":"main","level":"INFO","level_value":20000}
{"@timestamp":"2024-05-06T15:52:27.5703166+03:00","@version":"1","message":"Started IntegrityCheckApplication in 1.123 seconds (process running for 1.84)","logger_name":"com.example.integritycheck.IntegrityCheckApplication","thread_name":"main","level":"INFO","level_value":20000}
{"@timestamp":"2024-05-06T15:52:39.0711979+03:00","@version":"1","message":"Initializing Spring DispatcherServlet 'dispatcherServlet'","logger_name":"org.apache.catalina.core.ContainerBase.[Tomcat].[localhost].[/]","thread_name":"http-nio-8080-exec-2","level":"INFO","level_value":20000}
{"@timestamp":"2024-05-06T15:52:39.071753+03:00","@version":"1","message":"Initializing Servlet 'dispatcherServlet'","logger_name":"org.springframework.web.servlet.DispatcherServlet","thread_name":"http-nio-8080-exec-2","level":"INFO","level_value":20000}
{"@timestamp":"2024-05-06T15:52:39.0727946+03:00","@version":"1","message":"Completed initialization in 1 ms","logger_name":"org.springframework.web.servlet.DispatcherServlet","thread_name":"http-nio-8080-exec-2","level":"INFO","level_value":20000}
{"@timestamp":"2024-05-06T15:52:39.1007705+03:00","@version":"1","message":"Endpoint was called at: 2024-05-06T15:52:39.100770500","logger_name":"ayooo","thread_name":"http-nio-8080-exec-2","level":"INFO","level_value":20000,"loggingSmartContractAddress":"0xffafafa"}
{"@timestamp":"2024-05-06T15:52:47.9666678+03:00","@version":"1","message":"Endpoint was called at: 2024-05-06T15:52:47.966667800","logger_name":"ayooo","thread_name":"http-nio-8080-exec-3","level":"INFO","level_value":20000,"loggingSmartContractAddress":"0xffafafa"}
{"@timestamp":"2024-05-06T16:16:38.1274546+03:00","@version":"1","message":"Endpoint was called at: 2024-05-06T16:16:38.127454600","logger_name":"ayooo","thread_name":"http-nio-8080-exec-6","level":"INFO","level_value":20000,"loggingSmartContractAddress":"0xffafafa"}
{"@timestamp":"2024-05-06T16:16:38.718122+03:00","@version":"1","message":"Endpoint was called at: 2024-05-06T16:16:38.718122","logger_name":"ayooo","thread_name":"http-nio-8080-exec-7","level":"INFO","level_value":20000,"loggingSmartContractAddress":"0xffafafa"}
{"@timestamp":"2024-05-06T16:16:39.3363553+03:00","@version":"1","message":"Endpoint was called at: 2024-05-06T16:16:39.336355300","logger_name":"ayooo","thread_name":"http-nio-8080-exec-8","level":"INFO","level_value":20000,"loggingSmartContractAddress":"0xffafafa"}
{"@timestamp":"2024-05-06T16:21:41.4622165+03:00","@version":"1","message":"Endpoint was called at: 2024-05-06T16:21:41.462216500","logger_name":"ayooo","thread_name":"http-nio-8080-exec-1","level":"INFO","level_value":20000,"loggingSmartContractAddress":"0xffafafa"}
{"@timestamp":"2024-05-06T16:21:41.988781+03:00","@version":"1","message":"Endpoint was called at: 2024-05-06T16:21:41.988781","logger_name":"ayooo","thread_name":"http-nio-8080-exec-2","level":"INFO","level_value":20000,"loggingSmartContractAddress":"0xffafafa"}
{"@timestamp":"2024-05-06T16:21:42.5923961+03:00","@version":"1","message":"Endpoint was called at: 2024-05-06T16:21:42.592396100","logger_name":"ayooo","thread_name":"http-nio-8080-exec-3","level":"INFO","level_value":20000,"loggingSmartContractAddress":"0xffafafa"}
{"@timestamp":"2024-05-06T16:21:43.2447991+03:00","@version":"1","message":"Endpoint was called at: 2024-05-06T16:21:43.244799100","logger_name":"ayooo","thread_name":"http-nio-8080-exec-4","level":"INFO","level_value":20000,"loggingSmartContractAddress":"0xffafafa"}
{"@timestamp":"2024-05-06T16:26:32.6402868+03:00","@version":"1","message":"Endpoint was called at: 2024-05-06T16:26:32.640286800","logger_name":"ayooo","thread_name":"http-nio-8080-exec-7","level":"INFO","level_value":20000,"loggingSmartContractAddress":"0xffafafa"}
{"@timestamp":"2024-05-06T16:26:33.2519466+03:00","@version":"1","message":"Endpoint was called at: 2024-05-06T16:26:33.251946600","logger_name":"ayooo","thread_name":"http-nio-8080-exec-8","level":"INFO","level_value":20000,"loggingSmartContractAddress":"0xffafafa"}
{"@timestamp":"2024-05-06T16:31:27.1757822+03:00","@version":"1","message":"Endpoint was called at: 2024-05-06T16:31:27.175782200","logger_name":"ayooo","thread_name":"http-nio-8080-exec-1","level":"INFO","level_value":20000,"loggingSmartContractAddress":"0xffafafa"}
{"@timestamp":"2024-05-06T16:31:27.7836806+03:00","@version":"1","message":"Endpoint was called at: 2024-05-06T16:31:27.783680600","logger_name":"ayooo","thread_name":"http-nio-8080-exec-2","level":"INFO","level_value":20000,"loggingSmartContractAddress":"0xffafafa"}
{"@timestamp":"2024-05-06T16:36:05.2163169+03:00","@version":"1","message":"Endpoint was called at: 2024-05-06T16:36:05.216316900","logger_name":"ayooo","thread_name":"http-nio-8080-exec-5","level":"INFO","level_value":20000,"loggingSmartContractAddress":"0xffafafa"}
{"@timestamp":"2024-05-06T16:36:05.8113394+03:00","@version":"1","message":"Endpoint was called at: 2024-05-06T16:36:05.811339400","logger_name":"ayooo","thread_name":"http-nio-8080-exec-6","level":"INFO","level_value":20000,"loggingSmartContractAddress":"0xffafafa"}
{"@timestamp":"2024-05-06T18:11:10.2127136+03:00","@version":"1","message":"Endpoint was called at: 2024-05-06T18:11:10.211709200","logger_name":"ayooo","thread_name":"http-nio-8080-exec-9","level":"INFO","level_value":20000,"loggingSmartContractAddress":"0xffafafa"}
{"@timestamp":"2024-05-06T18:11:10.8556032+03:00","@version":"1","message":"Endpoint was called at: 2024-05-06T18:11:10.855603200","logger_name":"ayooo","thread_name":"http-nio-8080-exec-10","level":"INFO","level_value":20000,"loggingSmartContractAddress":"0xffafafa"}
{"@timestamp":"2024-05-06T18:14:04.0534693+03:00","@version":"1","message":"Endpoint was called at: 2024-05-06T18:14:04.053469300","logger_name":"ayooo","thread_name":"http-nio-8080-exec-3","level":"INFO","level_value":20000,"loggingSmartContractAddress":"0xffafafa"}
{"@timestamp":"2024-05-06T18:14:04.6511747+03:00","@version":"1","message":"Endpoint was called at: 2024-05-06T18:14:04.651174700","logger_name":"ayooo","thread_name":"http-nio-8080-exec-4","level":"INFO","level_value":20000,"loggingSmartContractAddress":"0xffafafa"}
{"@timestamp":"2024-05-06T18:14:05.4291136+03:00","@version":"1","message":"Endpoint was called at: 2024-05-06T18:14:05.429113600","logger_name":"ayooo","thread_name":"http-nio-8080-exec-5","level":"INFO","level_value":20000,"loggingSmartContractAddress":"0xffafafa"}
{"@timestamp":"2024-05-06T18:17:02.9731772+03:00","@version":"1","message":"Endpoint was called at: 2024-05-06T18:17:02.972645","logger_name":"ayooo","thread_name":"http-nio-8080-exec-8","level":"INFO","level_value":20000,"loggingSmartContractAddress":"0xffafafa"}
{"@timestamp":"2024-05-06T18:17:03.580743+03:00","@version":"1","message":"Endpoint was called at: 2024-05-06T18:17:03.580743","logger_name":"ayooo","thread_name":"http-nio-8080-exec-9","level":"INFO","level_value":20000,"loggingSmartContractAddress":"0xffafafa"}
{"@timestamp":"2024-05-06T18:17:04.2738022+03:00","@version":"1","message":"Endpoint was called at: 2024-05-06T18:17:04.273802200","logger_name":"ayooo","thread_name":"http-nio-8080-exec-10","level":"INFO","level_value":20000,"loggingSmartContractAddress":"0xffafafa"}
{"@timestamp":"2024-05-06T18:21:29.2676539+03:00","@version":"1","message":"Endpoint was called at: 2024-05-06T18:21:29.267653900","logger_name":"ayooo","thread_name":"http-nio-8080-exec-3","level":"INFO","level_value":20000,"loggingSmartContractAddress":"0xffafafa"}
{"@timestamp":"2024-05-06T18:21:29.9870138+03:00","@version":"1","message":"Endpoint was called at: 2024-05-06T18:21:29.987013800","logger_name":"ayooo","thread_name":"http-nio-8080-exec-4","level":"INFO","level_value":20000,"loggingSmartContractAddress":"0xffafafa"}
{"@timestamp":"2024-05-06T18:25:05.8031366+03:00","@version":"1","message":"Endpoint was called at: 2024-05-06T18:25:05.803136600","logger_name":"ayooo","thread_name":"http-nio-8080-exec-7","level":"INFO","level_value":20000,"loggingSmartContractAddress":"0xffafafa"}
{"@timestamp":"2024-05-06T18:25:06.2054759+03:00","@version":"1","message":"Endpoint was called at: 2024-05-06T18:25:06.205475900","logger_name":"ayooo","thread_name":"http-nio-8080-exec-8","level":"INFO","level_value":20000,"loggingSmartContractAddress":"0xffafafa"}
{"@timestamp":"2024-05-06T18:28:49.6838796+03:00","@version":"1","message":"Starting IntegrityCheckApplication using Java 17.0.10 with PID 28240 (C:\\Users\\horia.beiusanu\\Documents\\uni\\licenta\\integrity-check\\build\\classes\\java\\main started by horia.beiusanu in C:\\Users\\horia.beiusanu\\Documents\\uni\\licenta\\integrity-check)","logger_name":"com.example.integritycheck.IntegrityCheckApplication","thread_name":"main","level":"INFO","level_value":20000}
{"@timestamp":"2024-05-06T18:28:49.6921932+03:00","@version":"1","message":"No active profile set, falling back to 1 default profile: \"default\"","logger_name":"com.example.integritycheck.IntegrityCheckApplication","thread_name":"main","level":"INFO","level_value":20000}
{"@timestamp":"2024-05-06T18:28:50.2417322+03:00","@version":"1","message":"Tomcat initialized with port 8080 (http)","logger_name":"org.springframework.boot.web.embedded.tomcat.TomcatWebServer","thread_name":"main","level":"INFO","level_value":20000}
{"@timestamp":"2024-05-06T18:28:50.2486399+03:00","@version":"1","message":"Initializing ProtocolHandler [\"http-nio-8080\"]","logger_name":"org.apache.coyote.http11.Http11NioProtocol","thread_name":"main","level":"INFO","level_value":20000}
{"@timestamp":"2024-05-06T18:28:50.2496181+03:00","@version":"1","message":"Starting service [Tomcat]","logger_name":"org.apache.catalina.core.StandardService","thread_name":"main","level":"INFO","level_value":20000}
{"@timestamp":"2024-05-06T18:28:50.2496181+03:00","@version":"1","message":"Starting Servlet engine: [Apache Tomcat/10.1.19]","logger_name":"org.apache.catalina.core.StandardEngine","thread_name":"main","level":"INFO","level_value":20000}
{"@timestamp":"2024-05-06T18:28:50.2844156+03:00","@version":"1","message":"Initializing Spring embedded WebApplicationContext","logger_name":"org.apache.catalina.core.ContainerBase.[Tomcat].[localhost].[/]","thread_name":"main","level":"INFO","level_value":20000}
{"@timestamp":"2024-05-06T18:28:50.2844156+03:00","@version":"1","message":"Root WebApplicationContext: initialization completed in 566 ms","logger_name":"org.springframework.boot.web.servlet.context.ServletWebServerApplicationContext","thread_name":"main","level":"INFO","level_value":20000}
{"@timestamp":"2024-05-06T18:28:50.486617+03:00","@version":"1","message":"Starting ProtocolHandler [\"http-nio-8080\"]","logger_name":"org.apache.coyote.http11.Http11NioProtocol","thread_name":"main","level":"INFO","level_value":20000}
{"@timestamp":"2024-05-06T18:28:50.5013761+03:00","@version":"1","message":"Tomcat started on port 8080 (http) with context path ''","logger_name":"org.springframework.boot.web.embedded.tomcat.TomcatWebServer","thread_name":"main","level":"INFO","level_value":20000}
{"@timestamp":"2024-05-06T18:28:50.507774+03:00","@version":"1","message":"Started IntegrityCheckApplication in 1.045 seconds (process running for 1.652)","logger_name":"com.example.integritycheck.IntegrityCheckApplication","thread_name":"main","level":"INFO","level_value":20000}
{"@timestamp":"2024-05-06T18:29:04.2519048+03:00","@version":"1","message":"Initializing Spring DispatcherServlet 'dispatcherServlet'","logger_name":"org.apache.catalina.core.ContainerBase.[Tomcat].[localhost].[/]","thread_name":"http-nio-8080-exec-2","level":"INFO","level_value":20000}
{"@timestamp":"2024-05-06T18:29:04.2519048+03:00","@version":"1","message":"Initializing Servlet 'dispatcherServlet'","logger_name":"org.springframework.web.servlet.DispatcherServlet","thread_name":"http-nio-8080-exec-2","level":"INFO","level_value":20000}
{"@timestamp":"2024-05-06T18:29:04.2528808+03:00","@version":"1","message":"Completed initialization in 0 ms","logger_name":"org.springframework.web.servlet.DispatcherServlet","thread_name":"http-nio-8080-exec-2","level":"INFO","level_value":20000}
{"@timestamp":"2024-05-06T18:29:04.269678+03:00","@version":"1","message":"Endpoint was called at: 2024-05-06T18:29:04.269678","logger_name":"ayooo","thread_name":"http-nio-8080-exec-2","level":"INFO","level_value":20000,"loggingSmartContractAddress":"0xac8bfeffaaa90e092a7c4709a9cda36f9cdf9e03"}
{"@timestamp":"2024-05-06T18:29:05.1145603+03:00","@version":"1","message":"Endpoint was called at: 2024-05-06T18:29:05.114560300","logger_name":"ayooo","thread_name":"http-nio-8080-exec-3","level":"INFO","level_value":20000,"loggingSmartContractAddress":"0xac8bfeffaaa90e092a7c4709a9cda36f9cdf9e03"}
{"@timestamp":"2024-05-06T18:34:16.7680736+03:00","@version":"1","message":"Endpoint was called at: 2024-05-06T18:34:16.768073600","logger_name":"ayooo","thread_name":"http-nio-8080-exec-6","level":"INFO","level_value":20000,"loggingSmartContractAddress":"0xac8bfeffaaa90e092a7c4709a9cda36f9cdf9e03"}
{"@timestamp":"2024-05-06T18:34:17.372154+03:00","@version":"1","message":"Endpoint was called at: 2024-05-06T18:34:17.372154","logger_name":"ayooo","thread_name":"http-nio-8080-exec-7","level":"INFO","level_value":20000,"loggingSmartContractAddress":"0xac8bfeffaaa90e092a7c4709a9cda36f9cdf9e03"}
{"@timestamp":"2024-05-06T18:36:58.279164+03:00","@version":"1","message":"Endpoint was called at: 2024-05-06T18:36:58.279164","logger_name":"ayooo","thread_name":"http-nio-8080-exec-10","level":"INFO","level_value":20000,"loggingSmartContractAddress":"0xac8bfeffaaa90e092a7c4709a9cda36f9cdf9e03"}
{"@timestamp":"2024-05-06T18:36:58.9667109+03:00","@version":"1","message":"Endpoint was called at: 2024-05-06T18:36:58.966710900","logger_name":"ayooo","thread_name":"http-nio-8080-exec-1","level":"INFO","level_value":20000,"loggingSmartContractAddress":"0xac8bfeffaaa90e092a7c4709a9cda36f9cdf9e03"}
{"@timestamp":"2024-05-06T18:36:59.63199+03:00","@version":"1","message":"Endpoint was called at: 2024-05-06T18:36:59.631990","logger_name":"ayooo","thread_name":"http-nio-8080-exec-2","level":"INFO","level_value":20000,"loggingSmartContractAddress":"0xac8bfeffaaa90e092a7c4709a9cda36f9cdf9e03"}
{"@timestamp":"2024-05-06T18:40:39.4892332+03:00","@version":"1","message":"Endpoint was called at: 2024-05-06T18:40:39.489233200","logger_name":"ayooo","thread_name":"http-nio-8080-exec-5","level":"INFO","level_value":20000,"loggingSmartContractAddress":"0xac8bfeffaaa90e092a7c4709a9cda36f9cdf9e03"}
{"@timestamp":"2024-05-06T18:40:40.2109992+03:00","@version":"1","message":"Endpoint was called at: 2024-05-06T18:40:40.210999200","logger_name":"ayooo","thread_name":"http-nio-8080-exec-6","level":"INFO","level_value":20000,"loggingSmartContractAddress":"0xac8bfeffaaa90e092a7c4709a9cda36f9cdf9e03"}
{"@timestamp":"2024-05-06T18:44:18.2606931+03:00","@version":"1","message":"Endpoint was called at: 2024-05-06T18:44:18.259704","logger_name":"ayooo","thread_name":"http-nio-8080-exec-9","level":"INFO","level_value":20000,"loggingSmartContractAddress":"0xac8bfeffaaa90e092a7c4709a9cda36f9cdf9e03"}
{"@timestamp":"2024-05-06T18:44:19.1335284+03:00","@version":"1","message":"Endpoint was called at: 2024-05-06T18:44:19.133528400","logger_name":"ayooo","thread_name":"http-nio-8080-exec-10","level":"INFO","level_value":20000,"loggingSmartContractAddress":"0xac8bfeffaaa90e092a7c4709a9cda36f9cdf9e03"}
{"@timestamp":"2024-05-06T18:44:21.1198824+03:00","@version":"1","message":"Endpoint was called at: 2024-05-06T18:44:21.119882400","logger_name":"ayooo","thread_name":"http-nio-8080-exec-1","level":"INFO","level_value":20000,"loggingSmartContractAddress":"0xac8bfeffaaa90e092a7c4709a9cda36f9cdf9e03"}
